<?xml version="1.0" encoding="UTF-8"?>

<project 
	xmlns="http://maven.apache.org/POM/4.0.0" 
	xmlns:xsi="http://www.w3.org/2001/XMLSchema-instance"
	xsi:schemaLocation="http://maven.apache.org/POM/4.0.0 http://maven.apache.org/maven-v4_0_0.xsd">
	
    <modelVersion>4.0.0</modelVersion>
    <groupId>org.aries.tridata</groupId>
    <artifactId>tridata</artifactId>
    <packaging>war</packaging>
    <version>1.0-SNAPSHOT</version>
    <name>Tridata Web Application</name>
    <url>http://www.aries.org/tridata</url>
    
    <build>
        <plugins>
            <plugin>
				<groupId>org.aries.maven.plugin</groupId>
				<artifactId>aries-maven-bpel-plugin</artifactId>
                <configuration>
                    <fileSet>
                        <directory>${basedir}/src/test/resources/bpel/compilable</directory>
                        <includes>
                            <include>*.bpel</include>
                        </includes>
                    </fileSet>
                    <dryRun>false</dryRun>
                </configuration>
            </plugin>
        </plugins>
    </build>
</project>
