<project xmlns="http://maven.apache.org/POM/4.0.0" 
         xmlns:xsi="http://www.w3.org/2001/XMLSchema-instance"
         xsi:schemaLocation="http://maven.apache.org/POM/4.0.0 http://maven.apache.org/maven-v4_0_0.xsd">
    <modelVersion>4.0.0</modelVersion>
    <groupId>net.timcarpenter.tridata</groupId>
    <artifactId>tridata</artifactId>
    <packaging>war</packaging>
    <version>1.0-SNAPSHOT</version>
    <name>Tridata Web Application</name>
    <url>http://www.timcarpenter.net/tridata</url>
    
    <build>
        <plugins>
            <plugin>
                <groupId>net.timcarpenter.maven.plugin</groupId>
                <artifactId>maven-bpel-compiler-plugin</artifactId>
                <configuration>
                    <fileSet>
                        <directory>${basedir}/src/test/resources/bpel/uncompilable</directory>
                        <includes>
                            <include>*.bpel</include>
                        </includes>
                    </fileSet>
                </configuration>
            </plugin>
        </plugins>
    </build>
</project>