<?xml version="1.0" encoding="UTF-8"?>

<project 
	xmlns="http://maven.apache.org/POM/4.0.0" 
	xmlns:xsi="http://www.w3.org/2001/XMLSchema-instance"
	xsi:schemaLocation="http://maven.apache.org/POM/4.0.0 http://maven.apache.org/maven-v4_0_0.xsd">

	<modelVersion>4.0.0</modelVersion>
    <groupId>org.aries.test</groupId>
    <artifactId>generator</artifactId>
    <packaging>war</packaging>
    <version>0.0.1-SNAPSHOT</version>
    <name>Test Web Application</name>
    <url>http://www.aries.org/test</url>

	<build>
		<plugins>
			<plugin>
				<groupId>org.aries.maven.plugin</groupId>
				<artifactId>aries-maven-plugin</artifactId>
				<configuration>
					<fileSet>
						<directory>${basedir}/src/test/resources/bpel/uncompilable</directory>
						<includes>
							<include>*.bpel</include>
						</includes>
					</fileSet>
				</configuration>
			</plugin>
		</plugins>
	</build>
</project>